# JRE version: OpenJDK Runtime Environment (11.0.12+7) (build 11.0.12+7-b1504.28-7817840)
# Java VM: OpenJDK 64-Bit Server VM (11.0.12+7-b1504.28-7817840, mixed mode, tiered, compressed oops, g1 gc, windows-amd64)
Heap:
 garbage-first heap   total 189440K, used 136883K [0x0000000080000000, 0x0000000100000000)
  region size 1024K, 15 young (15360K), 2 survivors (2048K)
 Metaspace       used 124191K, capacity 127640K, committed 127712K, reserved 1161216K
  class space    used 15666K, capacity 16988K, committed 16996K, reserved 1048576K
GC Heap History (20 events):
Event: 70.774 GC heap before
{Heap before GC invocations=46 (full 0):
 garbage-first heap   total 189440K, used 134899K [0x0000000080000000, 0x0000000100000000)
  region size 1024K, 19 young (19456K), 5 survivors (5120K)
 Metaspace       used 111872K, capacity 114528K, committed 114656K, reserved 1148928K
  class space    used 14096K, capacity 15125K, committed 15204K, reserved 1048576K
}
Event: 70.788 GC heap after
{Heap after GC invocations=47 (full 0):
 garbage-first heap   total 189440K, used 124650K [0x0000000080000000, 0x0000000100000000)
  region size 1024K, 2 young (2048K), 2 survivors (2048K)
 Metaspace       used 111872K, capacity 114528K, committed 114656K, reserved 1148928K
  class space    used 14096K, capacity 15125K, committed 15204K, reserved 1048576K
}
Event: 72.126 GC heap before
{Heap before GC invocations=48 (full 0):
 garbage-first heap   total 189440K, used 150250K [0x0000000080000000, 0x0000000100000000)
  region size 1024K, 25 young (25600K), 2 survivors (2048K)
 Metaspace       used 117035K, capacity 119829K, committed 120160K, reserved 1153024K
  class space    used 14678K, capacity 15742K, committed 15844K, reserved 1048576K
}
Event: 72.133 GC heap after
{Heap after GC invocations=49 (full 0):
 garbage-first heap   total 189440K, used 127421K [0x0000000080000000, 0x0000000100000000)
  region size 1024K, 3 young (3072K), 3 survivors (3072K)
 Metaspace       used 117035K, capacity 119829K, committed 120160K, reserved 1153024K
  class space    used 14678K, capacity 15742K, committed 15844K, reserved 1048576K
}
Event: 72.491 GC heap before
{Heap before GC invocations=49 (full 0):
 garbage-first heap   total 189440K, used 134589K [0x0000000080000000, 0x0000000100000000)
  region size 1024K, 11 young (11264K), 3 survivors (3072K)
 Metaspace       used 117971K, capacity 120882K, committed 121056K, reserved 1155072K
  class space    used 14830K, capacity 15921K, committed 15972K, reserved 1048576K
}
Event: 72.499 GC heap after
{Heap after GC invocations=50 (full 0):
 garbage-first heap   total 189440K, used 128100K [0x0000000080000000, 0x0000000100000000)
  region size 1024K, 1 young (1024K), 1 survivors (1024K)
 Metaspace       used 117971K, capacity 120882K, committed 121056K, reserved 1155072K
  class space    used 14830K, capacity 15921K, committed 15972K, reserved 1048576K
}
Event: 73.354 GC heap before
{Heap before GC invocations=51 (full 0):
 garbage-first heap   total 189440K, used 150628K [0x0000000080000000, 0x0000000100000000)
  region size 1024K, 22 young (22528K), 1 survivors (1024K)
 Metaspace       used 119056K, capacity 122023K, committed 122208K, reserved 1155072K
  class space    used 14963K, capacity 16062K, committed 16100K, reserved 1048576K
}
Event: 73.361 GC heap after
{Heap after GC invocations=52 (full 0):
 garbage-first heap   total 189440K, used 129644K [0x0000000080000000, 0x0000000100000000)
  region size 1024K, 2 young (2048K), 2 survivors (2048K)
 Metaspace       used 119056K, capacity 122023K, committed 122208K, reserved 1155072K
  class space    used 14963K, capacity 16062K, committed 16100K, reserved 1048576K
}
Event: 74.503 GC heap before
{Heap before GC invocations=52 (full 0):
 garbage-first heap   total 189440K, used 152172K [0x0000000080000000, 0x0000000100000000)
  region size 1024K, 24 young (24576K), 2 survivors (2048K)
 Metaspace       used 120219K, capacity 123377K, committed 123488K, reserved 1157120K
  class space    used 15121K, capacity 16301K, committed 16356K, reserved 1048576K
}
Event: 74.510 GC heap after
{Heap after GC invocations=53 (full 0):
 garbage-first heap   total 189440K, used 130293K [0x0000000080000000, 0x0000000100000000)
  region size 1024K, 2 young (2048K), 2 survivors (2048K)
 Metaspace       used 120219K, capacity 123377K, committed 123488K, reserved 1157120K
  class space    used 15121K, capacity 16301K, committed 16356K, reserved 1048576K
}
Event: 76.356 GC heap before
{Heap before GC invocations=54 (full 0):
 garbage-first heap   total 189440K, used 153845K [0x0000000080000000, 0x0000000100000000)
  region size 1024K, 25 young (25600K), 2 survivors (2048K)
 Metaspace       used 122754K, capacity 126275K, committed 126304K, reserved 1159168K
  class space    used 15547K, capacity 16863K, committed 16868K, reserved 1048576K
}
Event: 76.373 GC heap after
{Heap after GC invocations=55 (full 0):
 garbage-first heap   total 189440K, used 131473K [0x0000000080000000, 0x0000000100000000)
  region size 1024K, 3 young (3072K), 3 survivors (3072K)
 Metaspace       used 122754K, capacity 126275K, committed 126304K, reserved 1159168K
  class space    used 15547K, capacity 16863K, committed 16868K, reserved 1048576K
}
Event: 76.574 GC heap before
{Heap before GC invocations=55 (full 0):
 garbage-first heap   total 189440K, used 137617K [0x0000000080000000, 0x0000000100000000)
  region size 1024K, 9 young (9216K), 3 survivors (3072K)
 Metaspace       used 122878K, capacity 126345K, committed 126560K, reserved 1159168K
  class space    used 15549K, capacity 16864K, committed 16868K, reserved 1048576K
}
Event: 76.592 GC heap after
{Heap after GC invocations=56 (full 0):
 garbage-first heap   total 189440K, used 130774K [0x0000000080000000, 0x0000000100000000)
  region size 1024K, 1 young (1024K), 1 survivors (1024K)
 Metaspace       used 122878K, capacity 126345K, committed 126560K, reserved 1159168K
  class space    used 15549K, capacity 16864K, committed 16868K, reserved 1048576K
}
Event: 77.183 GC heap before
{Heap before GC invocations=56 (full 0):
 garbage-first heap   total 189440K, used 154326K [0x0000000080000000, 0x0000000100000000)
  region size 1024K, 24 young (24576K), 1 survivors (1024K)
 Metaspace       used 123147K, capacity 126554K, committed 126560K, reserved 1159168K
  class space    used 15553K, capacity 16866K, committed 16868K, reserved 1048576K
}
Event: 77.190 GC heap after
{Heap after GC invocations=57 (full 0):
 garbage-first heap   total 189440K, used 128937K [0x0000000080000000, 0x0000000100000000)
  region size 1024K, 1 young (1024K), 1 survivors (1024K)
 Metaspace       used 123147K, capacity 126554K, committed 126560K, reserved 1159168K
  class space    used 15553K, capacity 16866K, committed 16868K, reserved 1048576K
}
Event: 102.501 GC heap before
{Heap before GC invocations=58 (full 0):
 garbage-first heap   total 189440K, used 154537K [0x0000000080000000, 0x0000000100000000)
  region size 1024K, 27 young (27648K), 1 survivors (1024K)
 Metaspace       used 123773K, capacity 127267K, committed 127456K, reserved 1159168K
  class space    used 15620K, capacity 16950K, committed 16996K, reserved 1048576K
}
Event: 102.513 GC heap after
{Heap after GC invocations=59 (full 0):
 garbage-first heap   total 189440K, used 129626K [0x0000000080000000, 0x0000000100000000)
  region size 1024K, 2 young (2048K), 2 survivors (2048K)
 Metaspace       used 123773K, capacity 127267K, committed 127456K, reserved 1159168K
  class space    used 15620K, capacity 16950K, committed 16996K, reserved 1048576K
}
Event: 102.603 GC heap before
{Heap before GC invocations=59 (full 0):
 garbage-first heap   total 189440K, used 135770K [0x0000000080000000, 0x0000000100000000)
  region size 1024K, 9 young (9216K), 2 survivors (2048K)
 Metaspace       used 123957K, capacity 127413K, committed 127456K, reserved 1159168K
  class space    used 15640K, capacity 16955K, committed 16996K, reserved 1048576K
}
Event: 102.631 GC heap after
{Heap after GC invocations=60 (full 0):
 garbage-first heap   total 189440K, used 124595K [0x0000000080000000, 0x0000000100000000)
  region size 1024K, 2 young (2048K), 2 survivors (2048K)
 Metaspace       used 123957K, capacity 127413K, committed 127456K, reserved 1159168K
  class space    used 15640K, capacity 16955K, committed 16996K, reserved 1048576K
}

