# JRE version: OpenJDK Runtime Environment (11.0.12+7) (build 11.0.12+7-b1504.28-7817840)
# Java VM: OpenJDK 64-Bit Server VM (11.0.12+7-b1504.28-7817840, mixed mode, tiered, compressed oops, g1 gc, windows-amd64)
Heap:
 garbage-first heap   total 273408K, used 222886K [0x0000000080000000, 0x0000000100000000)
  region size 1024K, 43 young (44032K), 4 survivors (4096K)
 Metaspace       used 147887K, capacity 151549K, committed 151628K, reserved 1181696K
  class space    used 18130K, capacity 19482K, committed 19532K, reserved 1048576K
GC Heap History (20 events):
Event: 282.742 GC heap before
{Heap before GC invocations=116 (full 0):
 garbage-first heap   total 273408K, used 225909K [0x0000000080000000, 0x0000000100000000)
  region size 1024K, 53 young (54272K), 8 survivors (8192K)
 Metaspace       used 145242K, capacity 148722K, committed 148940K, reserved 1179648K
  class space    used 17856K, capacity 19116K, committed 19148K, reserved 1048576K
}
Event: 282.784 GC heap after
{Heap after GC invocations=117 (full 0):
 garbage-first heap   total 273408K, used 182175K [0x0000000080000000, 0x0000000100000000)
  region size 1024K, 2 young (2048K), 2 survivors (2048K)
 Metaspace       used 145242K, capacity 148722K, committed 148940K, reserved 1179648K
  class space    used 17856K, capacity 19116K, committed 19148K, reserved 1048576K
}
Event: 283.660 GC heap before
{Heap before GC invocations=117 (full 0):
 garbage-first heap   total 273408K, used 228255K [0x0000000080000000, 0x0000000100000000)
  region size 1024K, 47 young (48128K), 2 survivors (2048K)
 Metaspace       used 145516K, capacity 148979K, committed 149324K, reserved 1179648K
  class space    used 17875K, capacity 19156K, committed 19276K, reserved 1048576K
}
Event: 283.671 GC heap after
{Heap after GC invocations=118 (full 0):
 garbage-first heap   total 273408K, used 182058K [0x0000000080000000, 0x0000000100000000)
  region size 1024K, 2 young (2048K), 2 survivors (2048K)
 Metaspace       used 145516K, capacity 148979K, committed 149324K, reserved 1179648K
  class space    used 17875K, capacity 19156K, committed 19276K, reserved 1048576K
}
Event: 284.689 GC heap before
{Heap before GC invocations=118 (full 0):
 garbage-first heap   total 273408K, used 230186K [0x0000000080000000, 0x0000000100000000)
  region size 1024K, 49 young (50176K), 2 survivors (2048K)
 Metaspace       used 145880K, capacity 149355K, committed 149580K, reserved 1179648K
  class space    used 17889K, capacity 19168K, committed 19276K, reserved 1048576K
}
Event: 284.697 GC heap after
{Heap after GC invocations=119 (full 0):
 garbage-first heap   total 273408K, used 182252K [0x0000000080000000, 0x0000000100000000)
  region size 1024K, 2 young (2048K), 2 survivors (2048K)
 Metaspace       used 145880K, capacity 149355K, committed 149580K, reserved 1179648K
  class space    used 17889K, capacity 19168K, committed 19276K, reserved 1048576K
}
Event: 285.591 GC heap before
{Heap before GC invocations=119 (full 0):
 garbage-first heap   total 273408K, used 231404K [0x0000000080000000, 0x0000000100000000)
  region size 1024K, 50 young (51200K), 2 survivors (2048K)
 Metaspace       used 147285K, capacity 150874K, committed 150988K, reserved 1181696K
  class space    used 18062K, capacity 19395K, committed 19404K, reserved 1048576K
}
Event: 285.604 GC heap after
{Heap after GC invocations=120 (full 0):
 garbage-first heap   total 273408K, used 183759K [0x0000000080000000, 0x0000000100000000)
  region size 1024K, 3 young (3072K), 3 survivors (3072K)
 Metaspace       used 147285K, capacity 150874K, committed 150988K, reserved 1181696K
  class space    used 18062K, capacity 19395K, committed 19404K, reserved 1048576K
}
Event: 286.983 GC heap before
{Heap before GC invocations=120 (full 0):
 garbage-first heap   total 273408K, used 233935K [0x0000000080000000, 0x0000000100000000)
  region size 1024K, 52 young (53248K), 3 survivors (3072K)
 Metaspace       used 147694K, capacity 151326K, committed 151628K, reserved 1181696K
  class space    used 18115K, capacity 19477K, committed 19532K, reserved 1048576K
}
Event: 286.994 GC heap after
{Heap after GC invocations=121 (full 0):
 garbage-first heap   total 273408K, used 182711K [0x0000000080000000, 0x0000000100000000)
  region size 1024K, 2 young (2048K), 2 survivors (2048K)
 Metaspace       used 147694K, capacity 151326K, committed 151628K, reserved 1181696K
  class space    used 18115K, capacity 19477K, committed 19532K, reserved 1048576K
}
Event: 288.703 GC heap before
{Heap before GC invocations=121 (full 0):
 garbage-first heap   total 273408K, used 233911K [0x0000000080000000, 0x0000000100000000)
  region size 1024K, 52 young (53248K), 2 survivors (2048K)
 Metaspace       used 147768K, capacity 151346K, committed 151628K, reserved 1181696K
  class space    used 18118K, capacity 19481K, committed 19532K, reserved 1048576K
}
Event: 288.717 GC heap after
{Heap after GC invocations=122 (full 0):
 garbage-first heap   total 273408K, used 182816K [0x0000000080000000, 0x0000000100000000)
  region size 1024K, 2 young (2048K), 2 survivors (2048K)
 Metaspace       used 147768K, capacity 151346K, committed 151628K, reserved 1181696K
  class space    used 18118K, capacity 19481K, committed 19532K, reserved 1048576K
}
Event: 291.886 GC heap before
{Heap before GC invocations=122 (full 0):
 garbage-first heap   total 273408K, used 235040K [0x0000000080000000, 0x0000000100000000)
  region size 1024K, 53 young (54272K), 2 survivors (2048K)
 Metaspace       used 147796K, capacity 151412K, committed 151628K, reserved 1181696K
  class space    used 18123K, capacity 19481K, committed 19532K, reserved 1048576K
}
Event: 291.901 GC heap after
{Heap after GC invocations=123 (full 0):
 garbage-first heap   total 273408K, used 183394K [0x0000000080000000, 0x0000000100000000)
  region size 1024K, 3 young (3072K), 3 survivors (3072K)
 Metaspace       used 147796K, capacity 151412K, committed 151628K, reserved 1181696K
  class space    used 18123K, capacity 19481K, committed 19532K, reserved 1048576K
}
Event: 293.938 GC heap before
{Heap before GC invocations=123 (full 0):
 garbage-first heap   total 273408K, used 235618K [0x0000000080000000, 0x0000000100000000)
  region size 1024K, 54 young (55296K), 3 survivors (3072K)
 Metaspace       used 147821K, capacity 151412K, committed 151628K, reserved 1181696K
  class space    used 18125K, capacity 19481K, committed 19532K, reserved 1048576K
}
Event: 293.952 GC heap after
{Heap after GC invocations=124 (full 0):
 garbage-first heap   total 273408K, used 183402K [0x0000000080000000, 0x0000000100000000)
  region size 1024K, 3 young (3072K), 3 survivors (3072K)
 Metaspace       used 147821K, capacity 151412K, committed 151628K, reserved 1181696K
  class space    used 18125K, capacity 19481K, committed 19532K, reserved 1048576K
}
Event: 296.254 GC heap before
{Heap before GC invocations=124 (full 0):
 garbage-first heap   total 273408K, used 236650K [0x0000000080000000, 0x0000000100000000)
  region size 1024K, 55 young (56320K), 3 survivors (3072K)
 Metaspace       used 147834K, capacity 151414K, committed 151628K, reserved 1181696K
  class space    used 18125K, capacity 19481K, committed 19532K, reserved 1048576K
}
Event: 296.282 GC heap after
{Heap after GC invocations=125 (full 0):
 garbage-first heap   total 273408K, used 183779K [0x0000000080000000, 0x0000000100000000)
  region size 1024K, 3 young (3072K), 3 survivors (3072K)
 Metaspace       used 147834K, capacity 151414K, committed 151628K, reserved 1181696K
  class space    used 18125K, capacity 19481K, committed 19532K, reserved 1048576K
}
Event: 299.716 GC heap before
{Heap before GC invocations=125 (full 0):
 garbage-first heap   total 273408K, used 237027K [0x0000000080000000, 0x0000000100000000)
  region size 1024K, 55 young (56320K), 3 survivors (3072K)
 Metaspace       used 147851K, capacity 151479K, committed 151628K, reserved 1181696K
  class space    used 18126K, capacity 19481K, committed 19532K, reserved 1048576K
}
Event: 299.736 GC heap after
{Heap after GC invocations=126 (full 0):
 garbage-first heap   total 273408K, used 183974K [0x0000000080000000, 0x0000000100000000)
  region size 1024K, 4 young (4096K), 4 survivors (4096K)
 Metaspace       used 147851K, capacity 151479K, committed 151628K, reserved 1181696K
  class space    used 18126K, capacity 19481K, committed 19532K, reserved 1048576K
}

